<?xml version="1.0" encoding="UTF-8"?>
<testsuites name="Mocha Tests" time="2.608" tests="1" failures="0">
  <testsuite name="Root Suite" timestamp="2025-01-24T20:25:09" tests="0" file="cypress\e2e\Account.cy.ts" time="0.000" failures="0">
  </testsuite>
  <testsuite name="Suppression d&apos;une session" timestamp="2025-01-24T20:25:09" tests="1" time="2.577" failures="0">
    <testcase name="Suppression d&apos;une session Affichage des informations de l’utilisateur" time="1.950" classname="Affichage des informations de l’utilisateur">
    </testcase>
  </testsuite>
</testsuites>