<?xml version="1.0" encoding="UTF-8"?>
<testsuites name="Mocha Tests" time="5.754" tests="1" failures="1">
  <testsuite name="Root Suite" timestamp="2025-01-20T19:48:46" tests="0" file="cypress\e2e\spec.cy.ts" time="0.000" failures="0">
  </testsuite>
  <testsuite name="My First Test" timestamp="2025-01-20T19:48:46" tests="1" time="5.721" failures="1">
    <testcase name="My First Test Visits the initial project page" time="0.000" classname="Visits the initial project page">
      <failure message="Timed out retrying after 4000ms: Expected to find content: &apos;app is running!&apos; but never did." type="AssertionError"><![CDATA[AssertionError: Timed out retrying after 4000ms: Expected to find content: 'app is running!' but never did.
    at Context.eval (webpack:///./cypress/e2e/spec.cy.ts:4:7)]]></failure>
    </testcase>
  </testsuite>
</testsuites>