<?xml version="1.0" encoding="UTF-8"?>
<testsuites name="Mocha Tests" time="2.830" tests="1" failures="0">
  <testsuite name="Root Suite" timestamp="2025-01-24T20:25:26" tests="1" file="cypress\e2e\sessions\CreateSession.cy.ts" time="2.827" failures="0">
    <testcase name="Crée une session en tant qu&apos;admin" time="2.451" classname="Crée une session en tant qu&apos;admin">
    </testcase>
  </testsuite>
</testsuites>