<?xml version="1.0" encoding="UTF-8"?>
<testsuites name="Mocha Tests" time="1.469" tests="1" failures="0">
  <testsuite name="Root Suite" timestamp="2025-01-20T19:48:54" tests="1" file="cypress\e2e\auth\Login.cy.ts" time="1.466" failures="0">
    <testcase name="La connexion d&apos;un utilisateur renvoie bien à la page des sessions" time="1.142" classname="La connexion d&apos;un utilisateur renvoie bien à la page des sessions">
    </testcase>
  </testsuite>
</testsuites>