<?xml version="1.0" encoding="UTF-8"?>
<testsuites name="Mocha Tests" time="1.635" tests="1" failures="0">
  <testsuite name="Root Suite" timestamp="2025-01-24T20:12:37" tests="0" file="cypress\e2e\Logout.cy.ts" time="0.000" failures="0">
  </testsuite>
  <testsuite name="Suppression d&apos;une session" timestamp="2025-01-24T20:12:37" tests="1" time="1.584" failures="0">
    <testcase name="Suppression d&apos;une session Déconnexion d&apos;un utilisateur" time="1.195" classname="Déconnexion d&apos;un utilisateur">
    </testcase>
  </testsuite>
</testsuites>