<?xml version="1.0" encoding="UTF-8"?>
<testsuites name="Mocha Tests" time="2.042" tests="1" failures="0">
  <testsuite name="Root Suite" timestamp="2025-01-24T20:23:28" tests="1" file="cypress\e2e\auth\Register.cy.ts" time="2.036" failures="0">
    <testcase name="L&apos;inscription d&apos;un utilisateur renvoie bien à la page de connexion" time="1.617" classname="L&apos;inscription d&apos;un utilisateur renvoie bien à la page de connexion">
    </testcase>
  </testsuite>
</testsuites>