<?xml version="1.0" encoding="UTF-8"?>
<testsuites name="Mocha Tests" time="2.067" tests="1" failures="0">
  <testsuite name="Root Suite" timestamp="2025-01-31T12:32:29" tests="1" file="cypress\e2e\auth\Register.cy.ts" time="2.061" failures="0">
    <testcase name="L&apos;inscription d&apos;un utilisateur renvoie bien à la page de connexion" time="1.621" classname="L&apos;inscription d&apos;un utilisateur renvoie bien à la page de connexion">
    </testcase>
  </testsuite>
</testsuites>