<?xml version="1.0" encoding="UTF-8"?>
<testsuites name="Mocha Tests" time="3.294" tests="1" failures="0">
  <testsuite name="Root Suite" timestamp="2025-01-31T12:32:34" tests="1" file="cypress\e2e\sessions\CreateSession.cy.ts" time="3.288" failures="0">
    <testcase name="Crée une session en tant qu&apos;admin" time="2.567" classname="Crée une session en tant qu&apos;admin">
    </testcase>
  </testsuite>
</testsuites>