<?xml version="1.0" encoding="UTF-8"?>
<testsuites name="Mocha Tests" time="2.350" tests="1" failures="0">
  <testsuite name="Root Suite" timestamp="2025-01-31T12:32:40" tests="1" file="cypress\e2e\sessions\InformationSession.cy.ts" time="2.346" failures="0">
    <testcase name="Appuie sur &apos;Detail&apos;, les informations de la session sont correctement affichées. Vérification du boutons Delete en tant qu&apos;admin" time="1.870" classname="Appuie sur &apos;Detail&apos;, les informations de la session sont correctement affichées. Vérification du boutons Delete en tant qu&apos;admin">
    </testcase>
  </testsuite>
</testsuites>